<?xml version="1.0"?>
<test>
  <file>
    <name value="test"/>
  </file>
</test>